<?xml version="1.0" encoding="UTF-8"?>
<!-- Generated by org.testng.reporters.JUnitReportReporter -->
<testsuite hostname="DESKTOP-OLB3C50" failures="0" tests="1" name="NewTest" time="0.068" errors="0" timestamp="2021-10-20T19:51:35 IST" skipped="0">
  <testcase classname="NewTest" name="f" time="0.068"/>
  <system-out/>
</testsuite> <!-- NewTest -->
